<?xml version="1.0" encoding="UTF-8" ?>
<testsuite errors="0" failures="0" hostname="DESKTOP-LBQL023" name="de.kaiguenster.javaintro.kgv.KGVTest" skipped="0" tests="8" time="0.065" timestamp="2020-05-03T09:44:49">
  <properties>
[...]
</properties>
  <testcase classname="de.kaiguenster.javaintro.kgv.KGVTest" name="gemeinsamerTeiler" time="0.001" />
  <testcase classname="de.kaiguenster.javaintro.kgv.KGVTest" name="zahl2IstVielfaches" time="0.0" />
  <testcase classname="de.kaiguenster.javaintro.kgv.KGVTest" name="zahl1IstVielfaches" time="0.0" />
  <testcase classname="de.kaiguenster.javaintro.kgv.KGVTest" name="testUeberlauf" time="0.0" />
  <testcase classname="de.kaiguenster.javaintro.kgv.KGVTest" name="teilferfremdeZahlen" time="0.0" />
  <testcase classname="de.kaiguenster.javaintro.kgv.KGVTest" name="gleicheZahlen" time="0.0" />
  <testcase classname="de.kaiguenster.javaintro.kgv.KGVTest" name="zahl1Ist1" time="0.0" />
  <testcase classname="de.kaiguenster.javaintro.kgv.KGVTest" name="zahl2Ist1" time="0.001" />
  <system-out><![CDATA[]]></system-out>
  <system-err><![CDATA[]]></system-err>
</testsuite>
